<?xml version="1.0" encoding="UTF-8"?>
<!-- Generated by org.testng.reporters.JUnitReportReporter -->
<testsuite skipped="0" hostname="WKWIN6962993" name="JsonObject.LinentMatchWithJsonObject" tests="1" failures="0" timestamp="2021-03-08T08:19:17 IST" time="0.026" errors="0">
  <testcase name="matchJsonObject" time="0.026" classname="JsonObject.LinentMatchWithJsonObject"/>
  <system-out/>
</testsuite> <!-- JsonObject.LinentMatchWithJsonObject -->
