<?xml version="1.0" encoding="UTF-8"?>
<!-- Generated by org.testng.reporters.JUnitReportReporter -->
<testsuite skipped="0" hostname="WKWIN6962993" name="JsonObject.LinentMatch" tests="1" failures="0" timestamp="2021-03-01T18:12:40 IST" time="0.015" errors="0">
  <testcase name="exactSameJson1" time="0.015" classname="JsonObject.LinentMatch"/>
  <system-out/>
</testsuite> <!-- JsonObject.LinentMatch -->
